[0.010s] Invoking command in '/home/henrique/octomap_ws/build/my_robot_description': CMAKE_PREFIX_PATH=${CMAKE_PREFIX_PATH}:/opt/ros/jazzy DEBUGINFOD_URLS=https://debuginfod.ubuntu.com /usr/bin/cmake /home/henrique/octomap_ws/src/my_robot_description -DCMAKE_INSTALL_PREFIX=/home/henrique/octomap_ws/install/my_robot_description
[0.065s] -- The C compiler identification is GNU 13.3.0
[0.128s] -- The CXX compiler identification is GNU 13.3.0
[0.143s] -- Detecting C compiler ABI info
[0.234s] -- Detecting C compiler ABI info - done
[0.244s] -- Check for working C compiler: /usr/bin/cc - skipped
[0.244s] -- Detecting C compile features
[0.245s] -- Detecting C compile features - done
[0.254s] -- Detecting CXX compiler ABI info
[0.356s] -- Detecting CXX compiler ABI info - done
[0.371s] -- Check for working CXX compiler: /usr/bin/c++ - skipped
[0.371s] -- Detecting CXX compile features
[0.372s] -- Detecting CXX compile features - done
[0.376s] -- Found ament_cmake: 2.5.4 (/opt/ros/jazzy/share/ament_cmake/cmake)
[0.538s] -- Found Python3: /usr/bin/python3 (found version "3.12.3") found components: Interpreter 
[0.668s] -- Found ament_lint_auto: 0.17.3 (/opt/ros/jazzy/share/ament_lint_auto/cmake)
[0.788s] -- Added test 'flake8' to check Python code syntax and style conventions
[0.788s] -- Configured 'flake8' exclude dirs and/or files: 
[0.789s] -- Added test 'lint_cmake' to check CMake code style
[0.790s] -- Added test 'pep257' to check Python code against some of the docstring style conventions in PEP 257
[0.792s] -- Added test 'xmllint' to check XML markup files
[0.794s] -- Configuring done (0.8s)
[0.797s] -- Generating done (0.0s)
[0.798s] -- Build files have been written to: /home/henrique/octomap_ws/build/my_robot_description
[0.803s] Invoked command in '/home/henrique/octomap_ws/build/my_robot_description' returned '0': CMAKE_PREFIX_PATH=${CMAKE_PREFIX_PATH}:/opt/ros/jazzy DEBUGINFOD_URLS=https://debuginfod.ubuntu.com /usr/bin/cmake /home/henrique/octomap_ws/src/my_robot_description -DCMAKE_INSTALL_PREFIX=/home/henrique/octomap_ws/install/my_robot_description
[0.804s] Invoking command in '/home/henrique/octomap_ws/build/my_robot_description': CMAKE_PREFIX_PATH=${CMAKE_PREFIX_PATH}:/opt/ros/jazzy DEBUGINFOD_URLS=https://debuginfod.ubuntu.com /usr/bin/cmake --build /home/henrique/octomap_ws/build/my_robot_description -- -j12 -l12
[0.845s] Invoked command in '/home/henrique/octomap_ws/build/my_robot_description' returned '0': CMAKE_PREFIX_PATH=${CMAKE_PREFIX_PATH}:/opt/ros/jazzy DEBUGINFOD_URLS=https://debuginfod.ubuntu.com /usr/bin/cmake --build /home/henrique/octomap_ws/build/my_robot_description -- -j12 -l12
[0.855s] Invoking command in '/home/henrique/octomap_ws/build/my_robot_description': CMAKE_PREFIX_PATH=${CMAKE_PREFIX_PATH}:/opt/ros/jazzy DEBUGINFOD_URLS=https://debuginfod.ubuntu.com /usr/bin/cmake --install /home/henrique/octomap_ws/build/my_robot_description
[0.864s] -- Install configuration: ""
[0.864s] -- Installing: /home/henrique/octomap_ws/install/my_robot_description/share/my_robot_description/urdf
[0.865s] -- Installing: /home/henrique/octomap_ws/install/my_robot_description/share/my_robot_description/urdf/my_robot_gazebo.urdf
[0.865s] -- Installing: /home/henrique/octomap_ws/install/my_robot_description/share/my_robot_description/urdf/my_robot.urdf
[0.865s] -- Installing: /home/henrique/octomap_ws/install/my_robot_description/share/my_robot_description/launch
[0.865s] -- Installing: /home/henrique/octomap_ws/install/my_robot_description/share/my_robot_description/launch/components
[0.865s] -- Installing: /home/henrique/octomap_ws/install/my_robot_description/share/my_robot_description/launch/components/robot_description.launch.py
[0.865s] -- Installing: /home/henrique/octomap_ws/install/my_robot_description/share/my_robot_description/launch/components/control.launch.py
[0.866s] -- Installing: /home/henrique/octomap_ws/install/my_robot_description/share/my_robot_description/launch/components/visualization.launch.py
[0.866s] -- Installing: /home/henrique/octomap_ws/install/my_robot_description/share/my_robot_description/launch/components/simulation.launch.py
[0.866s] -- Installing: /home/henrique/octomap_ws/install/my_robot_description/share/my_robot_description/launch/display.launch.py
[0.866s] -- Installing: /home/henrique/octomap_ws/install/my_robot_description/share/my_robot_description/launch/gazebo.launch.py
[0.866s] -- Installing: /home/henrique/octomap_ws/install/my_robot_description/share/my_robot_description/launch/modes
[0.866s] -- Installing: /home/henrique/octomap_ws/install/my_robot_description/share/my_robot_description/launch/modes/simulation.launch.py
[0.867s] -- Installing: /home/henrique/octomap_ws/install/my_robot_description/share/my_robot_description/launch/modes/teleop.launch.py
[0.867s] -- Installing: /home/henrique/octomap_ws/install/my_robot_description/share/my_robot_description/launch/modes/basic.launch.py
[0.867s] -- Installing: /home/henrique/octomap_ws/install/my_robot_description/share/my_robot_description/launch/main.launch.py
[0.867s] -- Installing: /home/henrique/octomap_ws/install/my_robot_description/share/my_robot_description/rviz
[0.867s] -- Installing: /home/henrique/octomap_ws/install/my_robot_description/share/my_robot_description/rviz/urdf_config_nogazebo.rviz
[0.867s] -- Installing: /home/henrique/octomap_ws/install/my_robot_description/share/my_robot_description/rviz/urdf_config.rviz
[0.867s] -- Installing: /home/henrique/octomap_ws/install/my_robot_description/share/my_robot_description/config
[0.868s] -- Installing: /home/henrique/octomap_ws/install/my_robot_description/share/my_robot_description/config/gz_bridge.yaml
[0.868s] -- Installing: /home/henrique/octomap_ws/install/my_robot_description/share/my_robot_description/config/params
[0.868s] -- Installing: /home/henrique/octomap_ws/install/my_robot_description/share/my_robot_description/config/params/robot_config.yaml
[0.868s] -- Installing: /home/henrique/octomap_ws/install/my_robot_description/share/my_robot_description/worlds
[0.868s] -- Installing: /home/henrique/octomap_ws/install/my_robot_description/share/my_robot_description/worlds/diff_drive
[0.868s] -- Installing: /home/henrique/octomap_ws/install/my_robot_description/share/my_robot_description/worlds/diff_drive/diff_drive.sdf
[0.869s] -- Installing: /home/henrique/octomap_ws/install/my_robot_description/share/ament_index/resource_index/package_run_dependencies/my_robot_description
[0.869s] -- Installing: /home/henrique/octomap_ws/install/my_robot_description/share/ament_index/resource_index/parent_prefix_path/my_robot_description
[0.869s] -- Installing: /home/henrique/octomap_ws/install/my_robot_description/share/my_robot_description/environment/ament_prefix_path.sh
[0.869s] -- Installing: /home/henrique/octomap_ws/install/my_robot_description/share/my_robot_description/environment/ament_prefix_path.dsv
[0.869s] -- Installing: /home/henrique/octomap_ws/install/my_robot_description/share/my_robot_description/environment/path.sh
[0.869s] -- Installing: /home/henrique/octomap_ws/install/my_robot_description/share/my_robot_description/environment/path.dsv
[0.869s] -- Installing: /home/henrique/octomap_ws/install/my_robot_description/share/my_robot_description/local_setup.bash
[0.869s] -- Installing: /home/henrique/octomap_ws/install/my_robot_description/share/my_robot_description/local_setup.sh
[0.869s] -- Installing: /home/henrique/octomap_ws/install/my_robot_description/share/my_robot_description/local_setup.zsh
[0.869s] -- Installing: /home/henrique/octomap_ws/install/my_robot_description/share/my_robot_description/local_setup.dsv
[0.870s] -- Installing: /home/henrique/octomap_ws/install/my_robot_description/share/my_robot_description/package.dsv
[0.870s] -- Installing: /home/henrique/octomap_ws/install/my_robot_description/share/ament_index/resource_index/packages/my_robot_description
[0.870s] -- Installing: /home/henrique/octomap_ws/install/my_robot_description/share/my_robot_description/cmake/my_robot_descriptionConfig.cmake
[0.870s] -- Installing: /home/henrique/octomap_ws/install/my_robot_description/share/my_robot_description/cmake/my_robot_descriptionConfig-version.cmake
[0.870s] -- Installing: /home/henrique/octomap_ws/install/my_robot_description/share/my_robot_description/package.xml
[0.871s] Invoked command in '/home/henrique/octomap_ws/build/my_robot_description' returned '0': CMAKE_PREFIX_PATH=${CMAKE_PREFIX_PATH}:/opt/ros/jazzy DEBUGINFOD_URLS=https://debuginfod.ubuntu.com /usr/bin/cmake --install /home/henrique/octomap_ws/build/my_robot_description
