[0.011s] Invoking command in '/home/henrique/octomap_ws/build/my_robot_description': CMAKE_PREFIX_PATH=${CMAKE_PREFIX_PATH}:/opt/ros/jazzy DEBUGINFOD_URLS=https://debuginfod.ubuntu.com /usr/bin/cmake --build /home/henrique/octomap_ws/build/my_robot_description -- -j12 -l12
[0.035s] -- Found ament_cmake: 2.5.4 (/opt/ros/jazzy/share/ament_cmake/cmake)
[0.234s] -- Found ament_lint_auto: 0.17.3 (/opt/ros/jazzy/share/ament_lint_auto/cmake)
[0.326s] -- Added test 'flake8' to check Python code syntax and style conventions
[0.326s] -- Configured 'flake8' exclude dirs and/or files: 
[0.327s] -- Added test 'lint_cmake' to check CMake code style
[0.327s] -- Added test 'pep257' to check Python code against some of the docstring style conventions in PEP 257
[0.329s] -- Added test 'xmllint' to check XML markup files
[0.330s] -- Configuring done (0.3s)
[0.333s] -- Generating done (0.0s)
[0.335s] -- Build files have been written to: /home/henrique/octomap_ws/build/my_robot_description
[0.356s] Invoked command in '/home/henrique/octomap_ws/build/my_robot_description' returned '0': CMAKE_PREFIX_PATH=${CMAKE_PREFIX_PATH}:/opt/ros/jazzy DEBUGINFOD_URLS=https://debuginfod.ubuntu.com /usr/bin/cmake --build /home/henrique/octomap_ws/build/my_robot_description -- -j12 -l12
[0.367s] Invoking command in '/home/henrique/octomap_ws/build/my_robot_description': CMAKE_PREFIX_PATH=${CMAKE_PREFIX_PATH}:/opt/ros/jazzy DEBUGINFOD_URLS=https://debuginfod.ubuntu.com /usr/bin/cmake --install /home/henrique/octomap_ws/build/my_robot_description
[0.376s] -- Install configuration: ""
[0.376s] -- Up-to-date: /home/henrique/octomap_ws/install/my_robot_description/share/my_robot_description/urdf
[0.376s] -- Up-to-date: /home/henrique/octomap_ws/install/my_robot_description/share/my_robot_description/urdf/my_robot_gazebo.urdf
[0.376s] -- Up-to-date: /home/henrique/octomap_ws/install/my_robot_description/share/my_robot_description/launch
[0.376s] -- Up-to-date: /home/henrique/octomap_ws/install/my_robot_description/share/my_robot_description/launch/components
[0.376s] -- Up-to-date: /home/henrique/octomap_ws/install/my_robot_description/share/my_robot_description/launch/components/robot_description.launch.py
[0.376s] -- Up-to-date: /home/henrique/octomap_ws/install/my_robot_description/share/my_robot_description/launch/components/control.launch.py
[0.376s] -- Up-to-date: /home/henrique/octomap_ws/install/my_robot_description/share/my_robot_description/launch/components/visualization.launch.py
[0.376s] -- Up-to-date: /home/henrique/octomap_ws/install/my_robot_description/share/my_robot_description/launch/components/simulation.launch.py
[0.376s] -- Up-to-date: /home/henrique/octomap_ws/install/my_robot_description/share/my_robot_description/launch/modes
[0.377s] -- Up-to-date: /home/henrique/octomap_ws/install/my_robot_description/share/my_robot_description/launch/modes/simulation.launch.py
[0.377s] -- Up-to-date: /home/henrique/octomap_ws/install/my_robot_description/share/my_robot_description/launch/modes/teleop.launch.py
[0.377s] -- Up-to-date: /home/henrique/octomap_ws/install/my_robot_description/share/my_robot_description/launch/modes/basic.launch.py
[0.377s] -- Up-to-date: /home/henrique/octomap_ws/install/my_robot_description/share/my_robot_description/launch/main.launch.py
[0.377s] -- Up-to-date: /home/henrique/octomap_ws/install/my_robot_description/share/my_robot_description/rviz
[0.377s] -- Installing: /home/henrique/octomap_ws/install/my_robot_description/share/my_robot_description/rviz/urdf_config.rviz
[0.377s] -- Up-to-date: /home/henrique/octomap_ws/install/my_robot_description/share/my_robot_description/config
[0.377s] -- Up-to-date: /home/henrique/octomap_ws/install/my_robot_description/share/my_robot_description/config/gz_bridge.yaml
[0.377s] -- Up-to-date: /home/henrique/octomap_ws/install/my_robot_description/share/my_robot_description/config/params
[0.377s] -- Up-to-date: /home/henrique/octomap_ws/install/my_robot_description/share/my_robot_description/config/params/robot_config.yaml
[0.377s] -- Up-to-date: /home/henrique/octomap_ws/install/my_robot_description/share/my_robot_description/worlds
[0.377s] -- Up-to-date: /home/henrique/octomap_ws/install/my_robot_description/share/my_robot_description/worlds/diff_drive
[0.377s] -- Up-to-date: /home/henrique/octomap_ws/install/my_robot_description/share/my_robot_description/worlds/diff_drive/diff_drive.sdf
[0.378s] -- Installing: /home/henrique/octomap_ws/install/my_robot_description/share/ament_index/resource_index/package_run_dependencies/my_robot_description
[0.378s] -- Up-to-date: /home/henrique/octomap_ws/install/my_robot_description/share/ament_index/resource_index/parent_prefix_path/my_robot_description
[0.378s] -- Up-to-date: /home/henrique/octomap_ws/install/my_robot_description/share/my_robot_description/environment/ament_prefix_path.sh
[0.378s] -- Up-to-date: /home/henrique/octomap_ws/install/my_robot_description/share/my_robot_description/environment/ament_prefix_path.dsv
[0.378s] -- Up-to-date: /home/henrique/octomap_ws/install/my_robot_description/share/my_robot_description/environment/path.sh
[0.378s] -- Up-to-date: /home/henrique/octomap_ws/install/my_robot_description/share/my_robot_description/environment/path.dsv
[0.378s] -- Up-to-date: /home/henrique/octomap_ws/install/my_robot_description/share/my_robot_description/local_setup.bash
[0.378s] -- Up-to-date: /home/henrique/octomap_ws/install/my_robot_description/share/my_robot_description/local_setup.sh
[0.378s] -- Up-to-date: /home/henrique/octomap_ws/install/my_robot_description/share/my_robot_description/local_setup.zsh
[0.378s] -- Up-to-date: /home/henrique/octomap_ws/install/my_robot_description/share/my_robot_description/local_setup.dsv
[0.378s] -- Installing: /home/henrique/octomap_ws/install/my_robot_description/share/my_robot_description/package.dsv
[0.378s] -- Up-to-date: /home/henrique/octomap_ws/install/my_robot_description/share/ament_index/resource_index/packages/my_robot_description
[0.378s] -- Up-to-date: /home/henrique/octomap_ws/install/my_robot_description/share/my_robot_description/cmake/my_robot_descriptionConfig.cmake
[0.378s] -- Up-to-date: /home/henrique/octomap_ws/install/my_robot_description/share/my_robot_description/cmake/my_robot_descriptionConfig-version.cmake
[0.379s] -- Installing: /home/henrique/octomap_ws/install/my_robot_description/share/my_robot_description/package.xml
[0.379s] Invoked command in '/home/henrique/octomap_ws/build/my_robot_description' returned '0': CMAKE_PREFIX_PATH=${CMAKE_PREFIX_PATH}:/opt/ros/jazzy DEBUGINFOD_URLS=https://debuginfod.ubuntu.com /usr/bin/cmake --install /home/henrique/octomap_ws/build/my_robot_description
