-- The C compiler identification is GNU 13.3.0
-- The CXX compiler identification is GNU 13.3.0
-- Detecting C compiler ABI info
-- Detecting C compiler ABI info - done
-- Check for working C compiler: /usr/bin/cc - skipped
-- Detecting C compile features
-- Detecting C compile features - done
-- Detecting CXX compiler ABI info
-- Detecting CXX compiler ABI info - done
-- Check for working CXX compiler: /usr/bin/c++ - skipped
-- Detecting CXX compile features
-- Detecting CXX compile features - done
-- Found ament_cmake: 2.5.4 (/opt/ros/jazzy/share/ament_cmake/cmake)
-- Found Python3: /usr/bin/python3 (found version "3.12.3") found components: Interpreter 
-- Found ament_lint_auto: 0.17.3 (/opt/ros/jazzy/share/ament_lint_auto/cmake)
-- Added test 'lint_cmake' to check CMake code style
-- Added test 'xmllint' to check XML markup files
-- Configuring done (0.8s)
-- Generating done (0.0s)
-- Build files have been written to: /home/henrique/octomap_ws/build/octomap_creation
-- Install configuration: ""
-- Installing: /home/henrique/octomap_ws/install/octomap_creation/share/ament_index/resource_index/package_run_dependencies/octomap_creation
-- Installing: /home/henrique/octomap_ws/install/octomap_creation/share/ament_index/resource_index/parent_prefix_path/octomap_creation
-- Installing: /home/henrique/octomap_ws/install/octomap_creation/share/octomap_creation/environment/ament_prefix_path.sh
-- Installing: /home/henrique/octomap_ws/install/octomap_creation/share/octomap_creation/environment/ament_prefix_path.dsv
-- Installing: /home/henrique/octomap_ws/install/octomap_creation/share/octomap_creation/environment/path.sh
-- Installing: /home/henrique/octomap_ws/install/octomap_creation/share/octomap_creation/environment/path.dsv
-- Installing: /home/henrique/octomap_ws/install/octomap_creation/share/octomap_creation/local_setup.bash
-- Installing: /home/henrique/octomap_ws/install/octomap_creation/share/octomap_creation/local_setup.sh
-- Installing: /home/henrique/octomap_ws/install/octomap_creation/share/octomap_creation/local_setup.zsh
-- Installing: /home/henrique/octomap_ws/install/octomap_creation/share/octomap_creation/local_setup.dsv
-- Installing: /home/henrique/octomap_ws/install/octomap_creation/share/octomap_creation/package.dsv
-- Installing: /home/henrique/octomap_ws/install/octomap_creation/share/ament_index/resource_index/packages/octomap_creation
-- Installing: /home/henrique/octomap_ws/install/octomap_creation/share/octomap_creation/cmake/octomap_creationConfig.cmake
-- Installing: /home/henrique/octomap_ws/install/octomap_creation/share/octomap_creation/cmake/octomap_creationConfig-version.cmake
-- Installing: /home/henrique/octomap_ws/install/octomap_creation/share/octomap_creation/package.xml
